<?xml version="1.0" encoding="UTF-8"?>
<testsuite xmlns:xsi="http://www.w3.org/2001/XMLSchema-instance" xsi:noNamespaceSchemaLocation="https://maven.apache.org/surefire/maven-surefire-plugin/xsd/surefire-test-report.xsd" version="3.0.2" name="com.aianlaysis.airequest.AiRequestApplicationTests" time="7.779" tests="1" errors="0" skipped="0" failures="0">
  <properties>
[...]
</properties>
  <testcase name="contextLoads" classname="com.aianlaysis.airequest.AiRequestApplicationTests" time="1.099">
    <system-out><![CDATA[17:44:20.387 [main] INFO org.springframework.test.context.support.AnnotationConfigContextLoaderUtils -- Could not detect default configuration classes for test class [com.aianlaysis.airequest.AiRequestApplicationTests]: AiRequestApplicationTests does not declare any static, non-private, non-final, nested classes annotated with @Configuration.
17:44:20.574 [main] INFO org.springframework.boot.test.context.SpringBootTestContextBootstrapper -- Found @SpringBootConfiguration com.aianlaysis.airequest.AiRequestApplication for test class com.aianlaysis.airequest.AiRequestApplicationTests
17:44:20.964 [main] INFO org.springframework.boot.devtools.restart.RestartApplicationListener -- Restart disabled due to context in which it is running

  .   ____          _            __ _ _
 /\\ / ___'_ __ _ _(_)_ __  __ _ \ \ \ \
( ( )\___ | '_ | '_| | '_ \/ _` | \ \ \ \
 \\/  ___)| |_)| | | | | || (_| |  ) ) ) )
  '  |____| .__|_| |_|_| |_\__, | / / / /
 =========|_|==============|___/=/_/_/_/

 :: Spring Boot ::                (v3.4.3)

2025-04-01T17:44:21.510+09:00  INFO 9728 --- [aiRequest] [           main] c.a.airequest.AiRequestApplicationTests  : Starting AiRequestApplicationTests using Java 21.0.5 with PID 9728 (started by HKIT in C:\kit\git\msa_backend_03\aiRequest)
2025-04-01T17:44:21.512+09:00  INFO 9728 --- [aiRequest] [           main] c.a.airequest.AiRequestApplicationTests  : No active profile set, falling back to 1 default profile: "default"
2025-04-01T17:44:23.114+09:00  INFO 9728 --- [aiRequest] [           main] .s.d.r.c.RepositoryConfigurationDelegate : Multiple Spring Data modules found, entering strict repository configuration mode
2025-04-01T17:44:23.118+09:00  INFO 9728 --- [aiRequest] [           main] .s.d.r.c.RepositoryConfigurationDelegate : Bootstrapping Spring Data Redis repositories in DEFAULT mode.
2025-04-01T17:44:23.166+09:00  INFO 9728 --- [aiRequest] [           main] .s.d.r.c.RepositoryConfigurationDelegate : Finished Spring Data repository scanning in 18 ms. Found 0 Redis repository interfaces.
2025-04-01T17:44:25.821+09:00  WARN 9728 --- [aiRequest] [           main] ion$DefaultTemplateResolverConfiguration : Cannot find template location: classpath:/templates/ (please add some templates, check your Thymeleaf configuration, or set spring.thymeleaf.check-template-location=false)
2025-04-01T17:44:26.440+09:00  INFO 9728 --- [aiRequest] [           main] c.r.stream.impl.StreamEnvironment        : Connecting to localhost with guest user, assuming development environment
2025-04-01T17:44:26.443+09:00  INFO 9728 --- [aiRequest] [           main] c.r.stream.impl.StreamEnvironment        : Using address resolver to always connect to localhost
2025-04-01T17:44:26.899+09:00  INFO 9728 --- [aiRequest] [           main] c.a.airequest.AiRequestApplicationTests  : Started AiRequestApplicationTests in 5.992 seconds (process running for 7.69)
]]></system-out>
    <system-err><![CDATA[4월 01, 2025 5:44:19 오후 org.junit.platform.launcher.core.LauncherConfigurationParameters loadClasspathResource
경고: Discovered 3 'junit-platform.properties' configuration files on the classpath (see below); only the first (*) will be used.
- jar:file:/C:/kit/maven/repository/org/apache/kafka/kafka-clients/3.8.1/kafka-clients-3.8.1-test.jar!/junit-platform.properties (*)
- jar:file:/C:/kit/maven/repository/org/apache/kafka/kafka-server-common/3.8.1/kafka-server-common-3.8.1-test.jar!/junit-platform.properties
- jar:file:/C:/kit/maven/repository/org/apache/kafka/kafka_2.13/3.8.1/kafka_2.13-3.8.1-test.jar!/junit-platform.properties
4월 01, 2025 5:44:19 오후 org.junit.platform.launcher.core.LauncherConfigurationParameters loadClasspathResource
경고: Discovered 3 'junit-platform.properties' configuration files on the classpath (see below); only the first (*) will be used.
- jar:file:/C:/kit/maven/repository/org/apache/kafka/kafka-clients/3.8.1/kafka-clients-3.8.1-test.jar!/junit-platform.properties (*)
- jar:file:/C:/kit/maven/repository/org/apache/kafka/kafka-server-common/3.8.1/kafka-server-common-3.8.1-test.jar!/junit-platform.properties
- jar:file:/C:/kit/maven/repository/org/apache/kafka/kafka_2.13/3.8.1/kafka_2.13-3.8.1-test.jar!/junit-platform.properties
4월 01, 2025 5:44:20 오후 org.junit.platform.launcher.core.LauncherConfigurationParameters loadClasspathResource
경고: Discovered 3 'junit-platform.properties' configuration files on the classpath (see below); only the first (*) will be used.
- jar:file:/C:/kit/maven/repository/org/apache/kafka/kafka-clients/3.8.1/kafka-clients-3.8.1-test.jar!/junit-platform.properties (*)
- jar:file:/C:/kit/maven/repository/org/apache/kafka/kafka-server-common/3.8.1/kafka-server-common-3.8.1-test.jar!/junit-platform.properties
- jar:file:/C:/kit/maven/repository/org/apache/kafka/kafka_2.13/3.8.1/kafka_2.13-3.8.1-test.jar!/junit-platform.properties
Mockito is currently self-attaching to enable the inline-mock-maker. This will no longer work in future releases of the JDK. Please add Mockito as an agent to your build what is described in Mockito's documentation: https://javadoc.io/doc/org.mockito/mockito-core/latest/org/mockito/Mockito.html#0.3
WARNING: A Java agent has been loaded dynamically (C:\kit\maven\repository\net\bytebuddy\byte-buddy-agent\1.15.11\byte-buddy-agent-1.15.11.jar)
WARNING: If a serviceability tool is in use, please run with -XX:+EnableDynamicAgentLoading to hide this warning
WARNING: If a serviceability tool is not in use, please run with -Djdk.instrument.traceUsage for more information
WARNING: Dynamic loading of agents will be disallowed by default in a future release
]]></system-err>
  </testcase>
</testsuite>